INFO - 寻找组...
INFO - 下载服务器初始化开始...
INFO - 注册分析器
INFO - 启动成功，开始配置...
INFO - 成功！
INFO - 成功下载 http://scst.suda.edu.cn/
INFO - 成功下载 http://scst.suda.edu.cn/page/20071025091419635.html
INFO - 成功下载 http://scst.suda.edu.cn/page/20071025091344374.html
INFO - 成功下载 http://scst.suda.edu.cn/article/20071127172730870.html
INFO - 成功下载 http://scst.suda.edu.cn/page/20071026155147561.html
INFO - 成功下载 http://scst.suda.edu.cn/article/20080401165145453.html
INFO - 成功下载 http://scst.suda.edu.cn/article/20080415094809182.html
INFO - 成功下载 http://scst.suda.edu.cn/page/20071025091454963.html
INFO - 成功下载 http://scst.suda.edu.cn/page/20071024164227287.html
INFO - 成功下载 http://scst.suda.edu.cn/article/20080422095816967.html
INFO - 成功下载 http://scst.suda.edu.cn/article/20081017115342220.html
INFO - 成功下载 http://scst.suda.edu.cn/article/2008101515422852.html
INFO - 成功下载 http://scst.suda.edu.cn/article/20081027094220163.html
INFO - 成功下载 http://scst.suda.edu.cn/article/2008102415203074.html
INFO - 成功下载 http://scst.suda.edu.cn/article/20080512193012929.html
INFO - 成功下载 http://scst.suda.edu.cn/page/20071025091734124.html
INFO - 成功下载 http://scst.suda.edu.cn/article/20081126140100242.html
INFO - 成功下载 http://scst.suda.edu.cn/article/20081119100745394.html
INFO - 成功下载 http://scst.suda.edu.cn/article/2008120909474957.html
INFO - 成功下载 http://scst.suda.edu.cn/article/20081209094552475.html
INFO - 成功下载 http://scst.suda.edu.cn/article/20081211192955389.html
INFO - 成功下载 http://scst.suda.edu.cn/article/20081212105124913.html
INFO - 成功下载 http://scst.suda.edu.cn/article/2008121210532124.html
INFO - 成功下载 http://scst.suda.edu.cn/article/20081209093038101.html
INFO - 成功下载 http://scst.suda.edu.cn/article/20081216082825311.html
INFO - 成功下载 http://scst.suda.edu.cn/article/20081212111141710.html
INFO - 成功下载 http://scst.suda.edu.cn/article/20081216085720235.html
INFO - 成功下载 http://scst.suda.edu.cn/article/20081217150947499.html
INFO - 成功下载 http://scst.suda.edu.cn/article/20081217142301442.html
INFO - 成功下载 http://scst.suda.edu.cn/article/20081218082304619.html
INFO - 成功下载 http://scst.suda.edu.cn/article/20081224161407312.html
INFO - 成功下载 http://scst.suda.edu.cn/article/20081225162355371.html
INFO - 成功下载 http://scst.suda.edu.cn/article/20081229085402467.html
INFO - 成功下载 http://scst.suda.edu.cn/article/2008122608522277.html
INFO - 成功下载 http://scst.suda.edu.cn/article/20081229092014573.html
INFO - 成功下载 http://scst.suda.edu.cn/article/20081231091858714.html
INFO - 成功下载 http://scst.suda.edu.cn/article/20090106100434455.html
INFO - 成功下载 http://scst.suda.edu.cn/article/20090107091722363.html
INFO - 成功下载 http://scst.suda.edu.cn/article/20090107091943724.html
INFO - 成功下载 http://scst.suda.edu.cn/article/20090109101058107.html
INFO - 成功下载 http://scst.suda.edu.cn/article/20090106170942741.html
INFO - 成功下载 http://scst.suda.edu.cn/article/20090107091851852.html
INFO - 成功下载 http://scst.suda.edu.cn/article/20090109101349765.html
INFO - 成功下载 http://scst.suda.edu.cn/article/20090109101310681.html
INFO - 成功下载 http://scst.suda.edu.cn/article/20090109101442710.html
INFO - 成功下载 http://scst.suda.edu.cn/ncircs2007/
INFO - 成功下载 http://scst.suda.edu.cn/article/20090109153733338.html
INFO - 成功下载 http://scst.suda.edu.cn/page/20071025091529652.html
INFO - 成功下载 http://scst.suda.edu.cn/page/2007102509151372.html
INFO - 成功下载 http://scst.suda.edu.cn/page/20071025091547416.html
INFO - 成功下载 http://scst.suda.edu.cn/page/20071025091844773.html
INFO - 成功下载 http://scst.suda.edu.cn/page/20071025093120711.html
INFO - 成功下载 http://scst.suda.edu.cn/page/2007102509383215.html
INFO - 成功下载 http://scst.suda.edu.cn/page/20071025093844483.html
INFO - 成功下载 http://scst.suda.edu.cn/article/20071203095236224.html
INFO - 成功下载 http://scst.suda.edu.cn/page/20071025093815243.html
INFO - 成功下载 http://scst.suda.edu.cn/article/20071203100746624.html
INFO - 成功下载 http://scst.suda.edu.cn/article/20071224093732816.html
INFO - 成功下载 http://scst.suda.edu.cn/article/20071224093901820.html
INFO - 成功下载 http://scst.suda.edu.cn/article/20071224094007427.html
INFO - 成功下载 http://scst.suda.edu.cn/article/20080103143246209.html
INFO - 成功下载 http://scst.suda.edu.cn/article/20080401170009178.html
INFO - 成功下载 http://scst.suda.edu.cn/article/20080401172105861.html
INFO - 成功下载 http://scst.suda.edu.cn/article/20080402171653828.html
INFO - 成功下载 http://scst.suda.edu.cn/article/20080409083853566.html
INFO - 成功下载 http://scst.suda.edu.cn/article/20080411111012271.html
INFO - 成功下载 http://scst.suda.edu.cn/article/2008051219572678.html
INFO - 成功下载 http://scst.suda.edu.cn/article/20080520083641657.html
INFO - 成功下载 http://scst.suda.edu.cn/article/20080522143505440.html
INFO - 成功下载 http://scst.suda.edu.cn/article/20071126110903895.html
INFO - 成功下载 http://scst.suda.edu.cn/article/20080522144255856.html
INFO - 成功下载 http://scst.suda.edu.cn/article/20080523172823679.html
INFO - 成功下载 http://scst.suda.edu.cn/article/20080526084854115.html
INFO - 成功下载 http://scst.suda.edu.cn/article/20080527091208231.html
INFO - 成功下载 http://scst.suda.edu.cn/article/20080529094202557.html
INFO - 成功下载 http://scst.suda.edu.cn/article/20080526100148551.html
INFO - 成功下载 http://scst.suda.edu.cn/article/20080529100007177.html
INFO - 成功下载 http://scst.suda.edu.cn/article/20080603155607555.html
INFO - 成功下载 http://scst.suda.edu.cn/article/20080604105651881.html
INFO - 成功下载 http://scst.suda.edu.cn/article/20080605090039623.html
INFO - 成功下载 http://scst.suda.edu.cn/article/20080616083758701.html
INFO - 成功下载 http://scst.suda.edu.cn/article/20080620093553478.html
INFO - 成功下载 http://scst.suda.edu.cn/page/2007102509385590.html
INFO - 成功下载 http://scst.suda.edu.cn/article/20080627110300668.html
INFO - 成功下载 http://scst.suda.edu.cn/article/20080627082734481.html
INFO - 成功下载 http://scst.suda.edu.cn/article/20080626084244956.html
INFO - 成功下载 http://scst.suda.edu.cn/article/20080827092740639.html
INFO - 成功下载 http://scst.suda.edu.cn/article/20071029201159578.html
INFO - 成功下载 http://scst.suda.edu.cn/article/20071029201707348.html
INFO - 成功下载 http://scst.suda.edu.cn/article/20071029202603151.html
INFO - 成功下载 http://scst.suda.edu.cn/article/20071029203016748.html
INFO - 成功下载 http://scst.suda.edu.cn/article/20071029204137830.html
INFO - 成功下载 http://scst.suda.edu.cn/article/2007102920453621.html
INFO - 成功下载 http://scst.suda.edu.cn/article/20071029204708327.html
INFO - 成功下载 http://scst.suda.edu.cn/article/20071105092038958.html
INFO - 成功下载 http://scst.suda.edu.cn/article/20071105092447685.html
INFO - 成功下载 http://scst.suda.edu.cn/article/20071105093301434.html
INFO - 成功下载 http://scst.suda.edu.cn/article/20071106084912312.html
INFO - 成功下载 http://scst.suda.edu.cn/article/20071113084603666.html
INFO - 成功下载 http://scst.suda.edu.cn/article/20071113090504705.html
INFO - 成功下载 http://scst.suda.edu.cn/article/20071113090709497.html
INFO - 成功下载 http://scst.suda.edu.cn/article/20080922144115597.html
INFO - 成功下载 http://scst.suda.edu.cn/article/20080923084455762.html
INFO - 成功下载 http://scst.suda.edu.cn/article/20071113090905318.html
INFO - 成功下载 http://scst.suda.edu.cn/article/20080924104248312.html
INFO - 成功下载 http://scst.suda.edu.cn/article/20080927094413626.html
INFO - 成功下载 http://scst.suda.edu.cn/article/20081015161920932.html
INFO - 成功下载 http://scst.suda.edu.cn/article/20080928144208368.html
INFO - 成功下载 http://scst.suda.edu.cn/article/20081016151821468.html
INFO - 成功下载 http://scst.suda.edu.cn/article/20081024161537629.html
INFO - 成功下载 http://scst.suda.edu.cn/article/20081017101227407.html
INFO - 成功下载 http://scst.suda.edu.cn/article/20081024161813489.html
INFO - 成功下载 http://scst.suda.edu.cn/article/20081024162033179.html
INFO - 成功下载 http://scst.suda.edu.cn/article/20081027100153232.html
INFO - 成功下载 http://scst.suda.edu.cn/article/20081103085756127.html
INFO - 成功下载 http://scst.suda.edu.cn/article/20081103085825734.html
INFO - 成功下载 http://scst.suda.edu.cn/article/2008110308592823.html
INFO - 成功下载 http://scst.suda.edu.cn/article/20081106082628341.html
INFO - 成功下载 http://scst.suda.edu.cn/article/2008110616321461.html
INFO - 成功下载 http://scst.suda.edu.cn/article/20071210152535730.html
INFO - 成功下载 http://scst.suda.edu.cn/article/20071130150141317.html
INFO - 成功下载 http://scst.suda.edu.cn/article/20060509095110845.html
INFO - 成功下载 http://scst.suda.edu.cn/article/20071130150936998.html
INFO - 成功下载 http://scst.suda.edu.cn/article/20071106162124967.html
INFO - 成功下载 http://scst.suda.edu.cn/article/20080923082405935.html
INFO - 成功下载 http://scst.suda.edu.cn/article/20071029203338362.html
INFO - 成功下载 http://scst.suda.edu.cn/article/20071029212007842.html
INFO - 成功下载 http://scst.suda.edu.cn/article/20071029212440354.html
INFO - 成功下载 http://scst.suda.edu.cn/article/20071029212818953.html
INFO - 成功下载 http://scst.suda.edu.cn/article/20071106162605850.html
INFO - 成功下载 http://scst.suda.edu.cn/article/20071029213042669.html
INFO - 成功下载 http://scst.suda.edu.cn/article/20071029213250690.html
INFO - 成功下载 http://scst.suda.edu.cn/article/20071029213540376.html
INFO - 成功下载 http://scst.suda.edu.cn/article/20071031084544129.html
INFO - 成功下载 http://scst.suda.edu.cn/article/20071105084641842.html
INFO - 成功下载 http://scst.suda.edu.cn/article/20071105091633516.html
INFO - 成功下载 http://scst.suda.edu.cn/article/20071106085042207.html
INFO - 成功下载 http://scst.suda.edu.cn/article/20071106162826483.html
INFO - 成功下载 http://scst.suda.edu.cn/article/2007110914562078.html
INFO - 成功下载 http://scst.suda.edu.cn/article/20071109175201140.html
INFO - 成功下载 http://scst.suda.edu.cn/article/20071113084759141.html
INFO - 成功下载 http://scst.suda.edu.cn/article/20071113085308320.html
INFO - 成功下载 http://scst.suda.edu.cn/article/20071112083459709.html
INFO - 成功下载 http://scst.suda.edu.cn/article/20071113173038993.html
INFO - 成功下载 http://scst.suda.edu.cn/article/20071116084351458.html
INFO - 成功下载 http://scst.suda.edu.cn/article/20071116085234299.html
INFO - 成功下载 http://scst.suda.edu.cn/article/20071119084532864.html
INFO - 成功下载 http://scst.suda.edu.cn/article/20071119173620783.html
INFO - 成功下载 http://scst.suda.edu.cn/article/20071120100030159.html
INFO - 成功下载 http://scst.suda.edu.cn/article/20071122115657282.html
INFO - 成功下载 http://scst.suda.edu.cn/article/2007112211583738.html
INFO - 成功下载 http://scst.suda.edu.cn/article/20071127092539684.html
INFO - 成功下载 http://scst.suda.edu.cn/article/20071130131136908.html
INFO - 成功下载 http://scst.suda.edu.cn/article/20071130131320146.html
INFO - 成功下载 http://scst.suda.edu.cn/article/20071130131534277.html
INFO - 成功下载 http://scst.suda.edu.cn/article/20071130151516984.html
INFO - 成功下载 http://scst.suda.edu.cn/article/20071213135645573.html
INFO - 成功下载 http://scst.suda.edu.cn/article/20071213135845919.html
INFO - 成功下载 http://scst.suda.edu.cn/article/20081106163325755.html
INFO - 成功下载 http://scst.suda.edu.cn/article/2008110616354642.html
INFO - 成功下载 http://scst.suda.edu.cn/article/20081113143304708.html
INFO - 成功下载 http://scst.suda.edu.cn/article/20081126141914231.html
INFO - 成功下载 http://scst.suda.edu.cn/article/20081126141840552.html
INFO - 成功下载 http://scst.suda.edu.cn/article/20081126142609455.html
INFO - 成功下载 http://scst.suda.edu.cn/article/20081126142846178.html
INFO - 成功下载 http://scst.suda.edu.cn/article/20081126143127935.html
INFO - 成功下载 http://scst.suda.edu.cn/article/2008112614461732.html
INFO - 成功下载 http://scst.suda.edu.cn/article/20081126143426393.html
INFO - 成功下载 http://scst.suda.edu.cn/article/20081126143302376.html
INFO - 成功下载 http://scst.suda.edu.cn/article/20081126144716700.html
INFO - 成功下载 http://scst.suda.edu.cn/article/2007102920241117.html
INFO - 成功下载 http://scst.suda.edu.cn/article/20071029201353151.html
INFO - 成功下载 http://scst.suda.edu.cn/article/20071029203644620.html
INFO - 成功下载 http://scst.suda.edu.cn/article/20071029203857390.html
INFO - 成功下载 http://scst.suda.edu.cn/article/20071029203959851.html
INFO - 成功下载 http://scst.suda.edu.cn/article/20071029205236514.html
INFO - 成功下载 http://scst.suda.edu.cn/article/20071029205356117.html
INFO - 成功下载 http://scst.suda.edu.cn/article/20071029205833326.html
INFO - 成功下载 http://scst.suda.edu.cn/article/20071029210259722.html
INFO - 成功下载 http://scst.suda.edu.cn/article/20071029210406690.html
INFO - 成功下载 http://scst.suda.edu.cn/article/2007102921072833.html
INFO - 成功下载 http://scst.suda.edu.cn/article/20071029211014704.html
INFO - 成功下载 http://scst.suda.edu.cn/article/20071029211253708.html
INFO - 成功下载 http://scst.suda.edu.cn/article/20071029211524297.html
INFO - 成功下载 http://scst.suda.edu.cn/article/20071030162737665.html
INFO - 成功下载 http://scst.suda.edu.cn/article/20071030170224600.html
INFO - 成功下载 http://scst.suda.edu.cn/article/20071031204917765.html
INFO - 成功下载 http://scst.suda.edu.cn/article/2007110114045732.html
INFO - 成功下载 http://scst.suda.edu.cn/article/20071105083745633.html
INFO - 成功下载 http://scst.suda.edu.cn/article/20071105090043742.html
INFO - 成功下载 http://scst.suda.edu.cn/article/20071030204511280.html
INFO - 成功下载 http://scst.suda.edu.cn/article/20071106085333409.html
INFO - 成功下载 http://scst.suda.edu.cn/article/20071112085226350.html
INFO - 成功下载 http://scst.suda.edu.cn/article/20071112085559367.html
INFO - 成功下载 http://scst.suda.edu.cn/article/20071112090055705.html
INFO - 成功下载 http://scst.suda.edu.cn/article/20071112091110415.html
INFO - 成功下载 http://scst.suda.edu.cn/article/20071113085050230.html
INFO - 成功下载 http://scst.suda.edu.cn/article/20071115155731584.html
INFO - 成功下载 http://scst.suda.edu.cn/article/20071114145812172.html
INFO - 成功下载 http://scst.suda.edu.cn/article/20071114110555172.html
INFO - 成功下载 http://scst.suda.edu.cn/article/20071113171935750.html
INFO - 成功下载 http://scst.suda.edu.cn/article/20071116084028682.html
INFO - 成功下载 http://scst.suda.edu.cn/article/20071119084038431.html
INFO - 成功下载 http://scst.suda.edu.cn/article/20071119084333473.html
INFO - 成功下载 http://scst.suda.edu.cn/article/20071119092811126.html
INFO - 成功下载 http://scst.suda.edu.cn/article/20071119101126431.html
INFO - 成功下载 http://scst.suda.edu.cn/article/20071119174125108.html
INFO - 成功下载 http://scst.suda.edu.cn/article/20071122083451332.html
INFO - 成功下载 http://scst.suda.edu.cn/article/20071123150325215.html
INFO - 成功下载 http://scst.suda.edu.cn/article/20071126170110495.html
INFO - 成功下载 http://scst.suda.edu.cn/article/20071119101642738.html
INFO - 成功下载 http://scst.suda.edu.cn/article/2007112709213472.html
INFO - 成功下载 http://scst.suda.edu.cn/article/20071127092512663.html
INFO - 成功下载 http://scst.suda.edu.cn/article/20071127171918250.html
INFO - 成功下载 http://scst.suda.edu.cn/article/20071129100512739.html
INFO - 成功下载 http://scst.suda.edu.cn/article/20071203094912309.html
INFO - 成功下载 http://scst.suda.edu.cn/article/20071211140652619.html
INFO - 成功下载 http://scst.suda.edu.cn/article/2007121314245269.html
INFO - 成功下载 http://scst.suda.edu.cn/article/20071220100610702.html
INFO - 成功下载 http://scst.suda.edu.cn/article/20071220101018811.html
INFO - 成功下载 http://scst.suda.edu.cn/article/20071225144134629.html
INFO - 成功下载 http://scst.suda.edu.cn/article/20071227111049988.html
INFO - 成功下载 http://scst.suda.edu.cn/article/2007122808534618.html
INFO - 成功下载 http://scst.suda.edu.cn/article/20071229091932529.html
INFO - 成功下载 http://scst.suda.edu.cn/article/20080104084026779.html
INFO - 成功下载 http://scst.suda.edu.cn/article/20080115172206135.html
INFO - 成功下载 http://scst.suda.edu.cn/article/20080115171933389.html
INFO - 成功下载 http://scst.suda.edu.cn/article/20080104161102883.html
INFO - 成功下载 http://scst.suda.edu.cn/article/20080104160847632.html
INFO - 成功下载 http://scst.suda.edu.cn/article/20080121092509253.html
INFO - 成功下载 http://scst.suda.edu.cn/article/20080121092829165.html
INFO - 成功下载 http://scst.suda.edu.cn/article/20080226085235504.html
INFO - 成功下载 http://scst.suda.edu.cn/article/20080226171846992.html
INFO - 成功下载 http://scst.suda.edu.cn/article/20080228083005466.html
INFO - 成功下载 http://scst.suda.edu.cn/article/20080229171738576.html
INFO - 成功下载 http://scst.suda.edu.cn/article/20080310134856641.html
INFO - 成功下载 http://scst.suda.edu.cn/article/20080306081859653.html
INFO - 成功下载 http://scst.suda.edu.cn/article/2008031015084442.html
INFO - 成功下载 http://scst.suda.edu.cn/article/20080311171717617.html
INFO - 成功下载 http://scst.suda.edu.cn/article/20080311171852492.html
INFO - 成功下载 http://scst.suda.edu.cn/article/20080312140947945.html
INFO - 成功下载 http://scst.suda.edu.cn/article/20080313110505512.html
INFO - 成功下载 http://scst.suda.edu.cn/article/2008031916434034.html
INFO - 成功下载 http://scst.suda.edu.cn/article/20080325142325356.html
INFO - 成功下载 http://scst.suda.edu.cn/article/20080402155438848.html
INFO - 成功下载 http://scst.suda.edu.cn/article/20080409081516298.html
INFO - 成功下载 http://scst.suda.edu.cn/article/20080409081611388.html
INFO - 成功下载 http://scst.suda.edu.cn/article/2008040914470161.html
INFO - 成功下载 http://scst.suda.edu.cn/article/20080416100100934.html
INFO - 成功下载 http://scst.suda.edu.cn/article/20080423085045749.html
INFO - 成功下载 http://scst.suda.edu.cn/article/20080423085201594.html
INFO - 成功下载 http://scst.suda.edu.cn/article/2008042310120762.html
INFO - 成功下载 http://scst.suda.edu.cn/article/20080429105804239.html
INFO - 成功下载 http://scst.suda.edu.cn/article/2008042911234533.html
INFO - 成功下载 http://scst.suda.edu.cn/article/20080506085615461.html
INFO - 成功下载 http://scst.suda.edu.cn/article/20080506085732176.html
INFO - 成功下载 http://scst.suda.edu.cn/article/2008050608595161.html
INFO - 成功下载 http://scst.suda.edu.cn/article/20080507172357110.html
INFO - 成功下载 http://scst.suda.edu.cn/article/2008050914090894.html
INFO - 成功下载 http://scst.suda.edu.cn/article/20080513090912694.html
INFO - 成功下载 http://scst.suda.edu.cn/article/20080515145718179.html
INFO - 成功下载 http://scst.suda.edu.cn/article/20080515145809962.html
INFO - 成功下载 http://scst.suda.edu.cn/article/20080520084138306.html
INFO - 成功下载 http://scst.suda.edu.cn/article/20080522145553756.html
INFO - 成功下载 http://scst.suda.edu.cn/article/20080522151151554.html
INFO - 成功下载 http://scst.suda.edu.cn/article/20080523140740930.html
INFO - 成功下载 http://scst.suda.edu.cn/article/20080526095539884.html
INFO - 成功下载 http://scst.suda.edu.cn/article/20080527110542790.html
INFO - 成功下载 http://scst.suda.edu.cn/article/2008060509063389.html
INFO - 成功下载 http://scst.suda.edu.cn/article/20080624102854921.html
INFO - 成功下载 http://scst.suda.edu.cn/article/20080624102156209.html
INFO - 成功下载 http://scst.suda.edu.cn/article/20080619082712920.html
INFO - 成功下载 http://scst.suda.edu.cn/article/20080618085444514.html
INFO - 成功下载 http://scst.suda.edu.cn/article/2008063009121343.html
INFO - 成功下载 http://scst.suda.edu.cn/article/20080710152315182.html
INFO - 成功下载 http://scst.suda.edu.cn/article/20080909080943803.html
INFO - 成功下载 http://scst.suda.edu.cn/article/20080912150101434.html
INFO - 成功下载 http://scst.suda.edu.cn/article/20080927083255653.html
INFO - 成功下载 http://scst.suda.edu.cn/article/20080927083610316.html
INFO - 成功下载 http://scst.suda.edu.cn/article/20080927084148513.html
INFO - 成功下载 http://scst.suda.edu.cn/article/20080927084400780.html
INFO - 成功下载 http://scst.suda.edu.cn/article/20080927084545818.html
INFO - 成功下载 http://scst.suda.edu.cn/article/20080927085021983.html
INFO - 成功下载 http://scst.suda.edu.cn/article/20081008093426924.html
INFO - 成功下载 http://scst.suda.edu.cn/article/20081008100401190.html
INFO - 成功下载 http://scst.suda.edu.cn/article/20081008100724278.html
INFO - 成功下载 http://scst.suda.edu.cn/article/20081010104014654.html
INFO - 成功下载 http://scst.suda.edu.cn/article/20081010104048539.html
INFO - 成功下载 http://scst.suda.edu.cn/article/20081010135924350.html
INFO - 成功下载 http://scst.suda.edu.cn/article/20081010140203636.html
INFO - 成功下载 http://scst.suda.edu.cn/article/20081010170617500.html
INFO - 成功下载 http://scst.suda.edu.cn/article/20081013104635689.html
INFO - 成功下载 http://scst.suda.edu.cn/article/20081013104721585.html
INFO - 成功下载 http://scst.suda.edu.cn/article/20081017103151292.html
INFO - 成功下载 http://scst.suda.edu.cn/article/20081020120256827.html
INFO - 成功下载 http://scst.suda.edu.cn/article/20081020120343767.html
INFO - 成功下载 http://scst.suda.edu.cn/article/20081020120419523.html
INFO - 成功下载 http://scst.suda.edu.cn/article/20081020122524901.html
INFO - 成功下载 http://scst.suda.edu.cn/article/20081023172316867.html
INFO - 成功下载 http://scst.suda.edu.cn/article/20081023172350896.html
INFO - 成功下载 http://scst.suda.edu.cn/article/20081023172512996.html
INFO - 成功下载 http://scst.suda.edu.cn/article/2008102317254251.html
INFO - 成功下载 http://scst.suda.edu.cn/article/2008102415585037.html
INFO - 成功下载 http://scst.suda.edu.cn/article/20081028133656556.html
INFO - 成功下载 http://scst.suda.edu.cn/article/20081028134323975.html
INFO - 成功下载 http://scst.suda.edu.cn/article/20081028134442473.html
INFO - 成功下载 http://scst.suda.edu.cn/article/20081028134554758.html
INFO - 成功下载 http://scst.suda.edu.cn/article/20081028191507632.html
INFO - 成功下载 http://scst.suda.edu.cn/article/20081029082732101.html
INFO - 成功下载 http://scst.suda.edu.cn/article/20081103094916212.html
INFO - 成功下载 http://scst.suda.edu.cn/article/20081031082833949.html
INFO - 成功下载 http://scst.suda.edu.cn/article/20081104084834408.html
INFO - 成功下载 http://scst.suda.edu.cn/article/2008110708291377.html
INFO - 成功下载 http://scst.suda.edu.cn/article/2008110517471947.html
INFO - 成功下载 http://scst.suda.edu.cn/article/20081105075401385.html
INFO - 成功下载 http://scst.suda.edu.cn/article/20081104084919280.html
INFO - 成功下载 http://scst.suda.edu.cn/article/20081107084138983.html
INFO - 成功下载 http://scst.suda.edu.cn/article/20081107085052107.html
INFO - 成功下载 http://scst.suda.edu.cn/article/20081107154546241.html
INFO - 成功下载 http://scst.suda.edu.cn/article/20081110172932447.html
INFO - 成功下载 http://scst.suda.edu.cn/article/20081112090425484.html
INFO - 成功下载 http://scst.suda.edu.cn/article/20081112154611810.html
INFO - 成功下载 http://scst.suda.edu.cn/article/20081112154927170.html
INFO - 成功下载 http://scst.suda.edu.cn/article/2008111416481129.html
INFO - 成功下载 http://scst.suda.edu.cn/article/20081119165753774.html
INFO - 成功下载 http://scst.suda.edu.cn/article/20081119165824267.html
INFO - 成功下载 http://scst.suda.edu.cn/article/2008111916593778.html
INFO - 成功下载 http://scst.suda.edu.cn/article/20081119170013636.html
INFO - 成功下载 http://scst.suda.edu.cn/article/20081120164308294.html
INFO - 成功下载 http://scst.suda.edu.cn/article/20081120091351423.html
INFO - 成功下载 http://scst.suda.edu.cn/article/20081124104448436.html
INFO - 成功下载 http://scst.suda.edu.cn/article/20081124110448500.html
INFO - 成功下载 http://scst.suda.edu.cn/article/20081124110554823.html
INFO - 成功下载 http://scst.suda.edu.cn/article/20081124110703582.html
INFO - 成功下载 http://scst.suda.edu.cn/article/20081124110755592.html
INFO - 成功下载 http://scst.suda.edu.cn/article/2008112614481999.html
INFO - 成功下载 http://scst.suda.edu.cn/article/20081126144936468.html
INFO - 成功下载 http://scst.suda.edu.cn/article/20081126145032875.html
INFO - 成功下载 http://scst.suda.edu.cn/article/20081126145122767.html
INFO - 成功下载 http://scst.suda.edu.cn/article/20081126145215235.html
INFO - 成功下载 http://scst.suda.edu.cn/article/20081126145308470.html
INFO - 成功下载 http://scst.suda.edu.cn/article/20081126145401682.html
INFO - 成功下载 http://scst.suda.edu.cn/article/20081126145505192.html
INFO - 成功下载 http://scst.suda.edu.cn/article/20081126145559403.html
INFO - 成功下载 http://scst.suda.edu.cn/article/20081126163817535.html
INFO - 成功下载 http://scst.suda.edu.cn/article/20081127140423150.html
INFO - 成功下载 http://scst.suda.edu.cn/article/20081201140909531.html
INFO - 成功下载 http://scst.suda.edu.cn/article/20081128110859876.html
INFO - 成功下载 http://scst.suda.edu.cn/article/2008112811051820.html
INFO - 成功下载 http://scst.suda.edu.cn/article/20081127141456128.html
INFO - 成功下载 http://scst.suda.edu.cn/article/20081201184315800.html
INFO - 成功下载 http://scst.suda.edu.cn/article/200812021416076.html
INFO - 成功下载 http://scst.suda.edu.cn/article/20081201193018601.html
INFO - 成功下载 http://scst.suda.edu.cn/article/20081201184613671.html
INFO - 成功下载 http://scst.suda.edu.cn/article/20081201184354387.html
INFO - 成功下载 http://scst.suda.edu.cn/article/20081203164805872.html
INFO - 成功下载 http://scst.suda.edu.cn/article/20081203164034212.html
INFO - 成功下载 http://scst.suda.edu.cn/article/20081202144518345.html
INFO - 成功下载 http://scst.suda.edu.cn/article/200812031707219.html
INFO - 成功下载 http://scst.suda.edu.cn/index1.html
INFO - 成功下载 http://scst.suda.edu.cn/article/2008120413595618.html
INFO - 成功下载 http://scst.suda.edu.cn/article/20081205123949936.html
INFO - 成功下载 http://scst.suda.edu.cn/article/20081205164509333.html
INFO - 成功下载 http://scst.suda.edu.cn/article/20081206174329800.html
INFO - 成功下载 http://scst.suda.edu.cn/article/2008120909191742.html
INFO - 成功下载 http://scst.suda.edu.cn/article/20081209095928366.html
INFO - 成功下载 http://scst.suda.edu.cn/article/20081211100313312.html
INFO - 成功下载 http://scst.suda.edu.cn/article/20081211100544146.html
INFO - 成功下载 http://scst.suda.edu.cn/article/20081212104138860.html
INFO - 成功下载 http://scst.suda.edu.cn/article/2008121210544470.html
INFO - 成功下载 http://scst.suda.edu.cn/article/20081212105722692.html
INFO - 成功下载 http://scst.suda.edu.cn/article/20081212110622851.html
INFO - 成功下载 http://scst.suda.edu.cn/article/20081212110814631.html
INFO - 成功下载 http://scst.suda.edu.cn/article/20081215084213576.html
INFO - 成功下载 http://scst.suda.edu.cn/article/20081215084349491.html
INFO - 成功下载 http://scst.suda.edu.cn/article/20081215084257674.html
INFO - 成功下载 http://scst.suda.edu.cn/article/20081215084451179.html
INFO - 成功下载 http://scst.suda.edu.cn/article/20081219162533362.html
INFO - 成功下载 http://scst.suda.edu.cn/article/2008122215480914.html
INFO - 成功下载 http://scst.suda.edu.cn/article/20081222155153491.html
INFO - 成功下载 http://scst.suda.edu.cn/article/2008122215522876.html
INFO - 成功下载 http://scst.suda.edu.cn/article/200812221553299.html
INFO - 成功下载 http://scst.suda.edu.cn/article/20081229112019340.html
INFO - 成功下载 http://scst.suda.edu.cn/article/200812291119531.html
INFO - 成功下载 http://scst.suda.edu.cn/article/20081222155436515.html
INFO - 成功下载 http://scst.suda.edu.cn/article/20081222155405162.html
INFO - 成功下载 http://scst.suda.edu.cn/article/20081229112101789.html
INFO - 成功下载 http://scst.suda.edu.cn/article/20081231083821150.html
INFO - 成功下载 http://scst.suda.edu.cn/article/20090106170655960.html
INFO - 成功下载 http://scst.suda.edu.cn/ncircs2007/downloads.html
INFO - 成功下载 http://scst.suda.edu.cn/ncircs2007/latestnews.html
INFO - 成功下载 http://scst.suda.edu.cn/ncircs2007/call4papers.html
INFO - 成功下载 http://scst.suda.edu.cn/ncircs2007/orgnization.html
INFO - 成功下载 http://scst.suda.edu.cn/ncircs2007/agenda.html
INFO - 成功下载 http://scst.suda.edu.cn/ncircs2007/pictures.html
INFO - 成功下载 http://scst.suda.edu.cn/ncircs2007/register.html
INFO - 成功下载 http://scst.suda.edu.cn/page/20071025093357343.html
INFO - 成功下载 http://scst.suda.edu.cn/ncircs2007/related.html
INFO - 成功下载 http://scst.suda.edu.cn/page/200710250934285.html
INFO - 成功下载 http://scst.suda.edu.cn/ncircs2007/communications.html
INFO - 成功下载 http://scst.suda.edu.cn/page/2007102509345045.html
INFO - 成功下载 http://scst.suda.edu.cn/ncircs2007/importantdates.html
INFO - 成功下载 http://scst.suda.edu.cn/page/20071025094139386.html
INFO - 成功下载 http://scst.suda.edu.cn/ncircs2007/sponsors.html
INFO - 成功下载 http://scst.suda.edu.cn/page/20071025094208654.html
INFO - 成功下载 http://scst.suda.edu.cn/page/20071025093508339.html
INFO - 成功下载 http://scst.suda.edu.cn/page/20071025093524821.html
INFO - 成功下载 http://scst.suda.edu.cn/page/20071025094149413.html
INFO - 成功下载 http://scst.suda.edu.cn/page/20071025094413578.html
INFO - 成功下载 http://scst.suda.edu.cn/page/20071025094939558.html
INFO - 成功下载 http://scst.suda.edu.cn/page/20071025094435622.html
INFO - 成功下载 http://scst.suda.edu.cn/page/20071025094714341.html
INFO - 成功下载 http://scst.suda.edu.cn/page/20071025095348259.html
INFO - 成功下载 http://scst.suda.edu.cn/page/20071025094810378.html
INFO - 成功下载 http://scst.suda.edu.cn/page/20071025095007419.html
INFO - 成功下载 http://scst.suda.edu.cn/page/20071025094425267.html
INFO - 成功下载 http://scst.suda.edu.cn/page/2007102509545096.html
INFO - 成功下载 http://scst.suda.edu.cn/page/20071025095402805.html
INFO - 成功下载 http://scst.suda.edu.cn/page/20071025095821978.html
INFO - 成功下载 http://scst.suda.edu.cn/page/2007102509550884.html
INFO - 成功下载 http://scst.suda.edu.cn/page/20071025095430696.html
INFO - 成功下载 http://scst.suda.edu.cn/page/2007102509584914.html
INFO - 成功下载 http://scst.suda.edu.cn/page/20071025095915844.html
INFO - 成功下载 http://scst.suda.edu.cn/page/20071025100002832.html
INFO - 成功下载 http://scst.suda.edu.cn/page/20071025095939472.html
INFO - 成功下载 http://scst.suda.edu.cn/page/20071025100142354.html
INFO - 成功下载 http://scst.suda.edu.cn/page/2007102510013383.html
INFO - 成功下载 http://scst.suda.edu.cn/page/20071025100202424.html
INFO - 成功下载 http://scst.suda.edu.cn/page/20071025100236856.html
INFO - 成功下载 http://scst.suda.edu.cn/page/20071025100027181.html
INFO - 成功下载 http://scst.suda.edu.cn/page/20071025100517152.html
INFO - 成功下载 http://scst.suda.edu.cn/page/20071025100300229.html
INFO - 成功下载 http://scst.suda.edu.cn/page/20071025100659813.html
INFO - 成功下载 http://scst.suda.edu.cn/page/20071025100328459.html
INFO - 成功下载 http://scst.suda.edu.cn/page/20071025100714630.html
INFO - 成功下载 http://scst.suda.edu.cn/page/20071025100725606.html
INFO - 成功下载 http://scst.suda.edu.cn/page/20071026155539450.html
INFO - 成功下载 http://scst.suda.edu.cn/page/20071029130601919.html
INFO - 成功下载 http://scst.suda.edu.cn/page/20071029175023987.html
INFO - 成功下载 http://scst.suda.edu.cn/page/20071029124428577.html
INFO - 成功下载 http://scst.suda.edu.cn/page/20071029175043714.html
INFO - 成功下载 http://scst.suda.edu.cn/page/2007102912434620.html
INFO - 成功下载 http://scst.suda.edu.cn/article/20060304100826597.html
INFO - 成功下载 http://scst.suda.edu.cn/page/20071029175058782.html
INFO - 成功下载 http://scst.suda.edu.cn/article/20060304101756171.html
INFO - 成功下载 http://scst.suda.edu.cn/article/20071030195845154.html
INFO - 成功下载 http://scst.suda.edu.cn/article/20071030201620373.html
INFO - 成功下载 http://scst.suda.edu.cn/article/2007103019574596.html
INFO - 成功下载 http://scst.suda.edu.cn/article/20071030200212832.html
INFO - 成功下载 http://scst.suda.edu.cn/article/20071030201410272.html
INFO - 成功下载 http://scst.suda.edu.cn/page/20071025095539787.html
INFO - 成功下载 http://scst.suda.edu.cn/article/20081206181203710.html
INFO - 成功下载 http://scst.suda.edu.cn/article/20071109165355650.html
INFO - 成功下载 http://scst.suda.edu.cn/article/20071030201522705.html
INFO - 成功下载 http://scst.suda.edu.cn/article/20081206182211895.html
INFO - 成功下载 http://scst.suda.edu.cn/article/20081206181844887.html
INFO - 成功下载 http://scst.suda.edu.cn/article/20081206181644747.html
INFO - 成功下载 http://scst.suda.edu.cn/article/20081206182035627.html
INFO - 成功下载 http://scst.suda.edu.cn/article/20081206181427570.html
INFO - 成功下载 http://scst.suda.edu.cn/article/20081211194602685.html
INFO - 成功下载 http://scst.suda.edu.cn/article/20081211194128817.html
INFO - 成功下载 http://scst.suda.edu.cn/article/20081211194822396.html
INFO - 成功下载 http://scst.suda.edu.cn/article/20081211194316418.html
INFO - 成功下载 http://scst.suda.edu.cn/article/2008121119500182.html
INFO - 成功下载 http://scst.suda.edu.cn/article/20081211195309447.html
INFO - 成功下载 http://scst.suda.edu.cn/article/20081211195452389.html
INFO - 成功下载 http://scst.suda.edu.cn/article/20081211194729322.html
INFO - 成功下载 http://scst.suda.edu.cn/article/20081211195724554.html
INFO - 成功下载 http://scst.suda.edu.cn/article/20081211200121553.html
INFO - 成功下载 http://scst.suda.edu.cn/page/20071029175131837.html
INFO - 成功下载 http://scst.suda.edu.cn/page/20071029175327960.html
INFO - 成功下载 http://scst.suda.edu.cn/article/20081211195132220.html
INFO - 成功下载 http://scst.suda.edu.cn/page/20071029175342846.html
INFO - 成功下载 http://scst.suda.edu.cn/article/20081211200512842.html
INFO - 成功下载 http://scst.suda.edu.cn/page/20071101111049129.html
INFO - 成功下载 http://scst.suda.edu.cn/page/20071029175404257.html
INFO - 成功下载 http://scst.suda.edu.cn/page/20071101111507535.html
INFO - 成功下载 http://scst.suda.edu.cn/page/20071029175419872.html
INFO - 成功下载 http://scst.suda.edu.cn/page/2007110112234579.html
INFO - 成功下载 http://scst.suda.edu.cn/page/20071101124637507.html
INFO - 成功下载 http://scst.suda.edu.cn/page/20071101135426385.html
INFO - 成功下载 http://scst.suda.edu.cn/page/20071101124650700.html
INFO - 成功下载 http://scst.suda.edu.cn/page/20081124135754395.html
INFO - 成功下载 http://scst.suda.edu.cn/page/20071101124556312.html
INFO - 成功下载 http://scst.suda.edu.cn/page/20081127151517450.html
INFO - 成功下载 http://scst.suda.edu.cn/page/20071101124733625.html
INFO - 成功下载 http://scst.suda.edu.cn/article/20081206184156948.html
INFO - 成功下载 http://scst.suda.edu.cn/article/20081206184445145.html
INFO - 成功下载 http://scst.suda.edu.cn/article/20081206184636240.html
INFO - 成功下载 http://scst.suda.edu.cn/article/20071207160155901.html
INFO - 成功下载 http://scst.suda.edu.cn/article/20081206184945550.html
INFO - 成功下载 http://scst.suda.edu.cn/article/20081206183128339.html
INFO - 成功下载 http://scst.suda.edu.cn/article/20081206184812666.html
INFO - 成功下载 http://scst.suda.edu.cn/article/20081206182800375.html
INFO - 成功下载 http://scst.suda.edu.cn/article/2008120618252842.html
INFO - 成功下载 http://scst.suda.edu.cn/article/20060304132411719.html
INFO - 成功下载 http://scst.suda.edu.cn/article/20071129101337217.html
INFO - 成功下载 http://scst.suda.edu.cn/article/20071030171714343.html
INFO - 成功下载 http://scst.suda.edu.cn/article/20071030174858399.html
INFO - 成功下载 http://scst.suda.edu.cn/article/20071030183418991.html
INFO - 成功下载 http://scst.suda.edu.cn/article/20071030183628456.html
INFO - 成功下载 http://scst.suda.edu.cn/article/20071030175207474.html
INFO - 成功下载 http://scst.suda.edu.cn/article/20071030183741584.html
INFO - 成功下载 http://scst.suda.edu.cn/article/20081206183440538.html
INFO - 成功下载 http://scst.suda.edu.cn/article/20081206183750807.html
INFO - 成功下载 http://scst.suda.edu.cn/article/2008121210063819.html
INFO - 成功下载 http://scst.suda.edu.cn/article/20071031203515794.html
INFO - 成功下载 http://scst.suda.edu.cn/article/20081212100400213.html
INFO - 成功下载 http://scst.suda.edu.cn/article/20071031203811336.html
INFO - 成功下载 http://scst.suda.edu.cn/article/20071031202706231.html
INFO - 成功下载 http://scst.suda.edu.cn/article/20081127103245270.html
INFO - 成功下载 http://scst.suda.edu.cn/article/20071031203148187.html
INFO - 成功下载 http://scst.suda.edu.cn/article/20081127102733777.html
INFO - 成功下载 http://scst.suda.edu.cn/article/2008121116565089.html
INFO - 成功下载 http://scst.suda.edu.cn/article/20081211165540458.html
INFO - 成功下载 http://scst.suda.edu.cn/article/20081211165453287.html
INFO - 成功下载 http://scst.suda.edu.cn/article/20081211165113580.html
INFO - 成功下载 http://scst.suda.edu.cn/article/20081211170223385.html
INFO - 成功下载 http://scst.suda.edu.cn/article/20081211165033475.html
INFO - 成功下载 http://scst.suda.edu.cn/article/20071101180319267.html
INFO - 成功下载 http://scst.suda.edu.cn/article/2007110117553929.html
INFO - 成功下载 http://scst.suda.edu.cn/article/20060306105515902.html
INFO - 成功下载 http://scst.suda.edu.cn/article/20060306114255880.html
INFO - 成功下载 http://scst.suda.edu.cn/article/20060306113833792.html
INFO - 成功下载 http://scst.suda.edu.cn/article/20060306114410829.html
INFO - 成功下载 http://scst.suda.edu.cn/article/20060306112851333.html
INFO - 成功下载 http://scst.suda.edu.cn/article/20060306115700933.html
INFO - 成功下载 http://scst.suda.edu.cn/article/20071101180037796.html
INFO - 成功下载 http://scst.suda.edu.cn/article/20071101180515418.html
INFO - 成功下载 http://scst.suda.edu.cn/article/20081211164953691.html
INFO - 成功下载 http://scst.suda.edu.cn/article/2007103114213346.html
INFO - 成功下载 http://scst.suda.edu.cn/article/20071031142629472.html
INFO - 成功下载 http://scst.suda.edu.cn/article/20071031142549375.html
INFO - 成功下载 http://scst.suda.edu.cn/article/20071031142529153.html
INFO - 成功下载 http://scst.suda.edu.cn/article/20071031142714385.html
INFO - 成功下载 http://scst.suda.edu.cn/article/20071031142445796.html
INFO - 成功下载 http://scst.suda.edu.cn/article/20071031142330515.html
INFO - 成功下载 http://scst.suda.edu.cn/article/20071031143132544.html
INFO - 成功下载 http://scst.suda.edu.cn/article/20071031142736577.html
INFO - 成功下载 http://scst.suda.edu.cn/article/20071031185509375.html
INFO - 成功下载 http://scst.suda.edu.cn/article/20071031191042825.html
INFO - 成功下载 http://scst.suda.edu.cn/article/2007103119112428.html
INFO - 成功下载 http://scst.suda.edu.cn/article/2007103119071537.html
INFO - 成功下载 http://scst.suda.edu.cn/article/20071031191251272.html
INFO - 成功下载 http://scst.suda.edu.cn/article/20071122085930913.html
INFO - 成功下载 http://scst.suda.edu.cn/article/20080414181450673.html
INFO - 成功下载 http://scst.suda.edu.cn/article/20080414182251667.html
INFO - 成功下载 http://scst.suda.edu.cn/article/20080414183138623.html
INFO - 成功下载 http://scst.suda.edu.cn/article/2008092815000717.html
INFO - 成功下载 http://scst.suda.edu.cn/article/20081212101056959.html
INFO - 成功下载 http://scst.suda.edu.cn/article/20081212110408506.html
INFO - 成功下载 http://scst.suda.edu.cn/article/20081212111522419.html
INFO - 成功下载 http://scst.suda.edu.cn/article/20071031190605323.html
INFO - 成功下载 http://scst.suda.edu.cn/article/20071031190102233.html
INFO - 成功下载 http://scst.suda.edu.cn/article/20060004123156186.html
INFO - 成功下载 http://scst.suda.edu.cn/article/20060004124059677.html
INFO - 成功下载 http://scst.suda.edu.cn/article/20081126162006329.html
INFO - 成功下载 http://scst.suda.edu.cn/article/20060004115202742.html
INFO - 成功下载 http://scst.suda.edu.cn/article/20081126162107574.html
INFO - 成功下载 http://scst.suda.edu.cn/article/20071030171047241.html
INFO - 成功下载 http://scst.suda.edu.cn/article/20060304105124743.html
INFO - 成功下载 http://scst.suda.edu.cn/article/20060304105347271.html
INFO - 成功下载 http://scst.suda.edu.cn/article/20060304104712800.html
INFO - 成功下载 http://scst.suda.edu.cn/article/20060304104909785.html
INFO - 成功下载 http://scst.suda.edu.cn/article/20060304103453180.html
INFO - 成功下载 http://scst.suda.edu.cn/article/2006030410253473.html
INFO - 成功下载 http://scst.suda.edu.cn/article/20060304101937429.html
INFO - 成功下载 http://scst.suda.edu.cn/article/20060304102149457.html
INFO - 成功下载 http://scst.suda.edu.cn/article/20060304104327153.html
INFO - 成功下载 http://scst.suda.edu.cn/article/20060304103749785.html
INFO - 成功下载 http://scst.suda.edu.cn/article/20060304104426999.html
INFO - 成功下载 http://scst.suda.edu.cn/article/20060304102654491.html
INFO - 成功下载 http://scst.suda.edu.cn/article/20060304103010353.html
INFO - 成功下载 http://scst.suda.edu.cn/article/20060304113248241.html
INFO - 成功下载 http://scst.suda.edu.cn/article/20060304113055723.html
INFO - 成功下载 http://scst.suda.edu.cn/article/20081211193531800.html
INFO - 成功下载 http://scst.suda.edu.cn/article/20071030190016501.html
INFO - 成功下载 http://scst.suda.edu.cn/article/20071030190436466.html
INFO - 成功下载 http://scst.suda.edu.cn/article/20071030190657450.html
INFO - 成功下载 http://scst.suda.edu.cn/article/20071030185642312.html
INFO - 成功下载 http://scst.suda.edu.cn/article/20071030191408593.html
INFO - 成功下载 http://scst.suda.edu.cn/article/20081121163849423.html
INFO - 成功下载 http://scst.suda.edu.cn/article/20081121164716179.html
INFO - 成功下载 http://scst.suda.edu.cn/article/20081121165152452.html
INFO - 成功下载 http://scst.suda.edu.cn/article/20081121165630648.html
INFO - 成功下载 http://scst.suda.edu.cn/article/20081206163228495.html
INFO - 成功下载 http://scst.suda.edu.cn/article/20081206163453242.html
INFO - 成功下载 http://scst.suda.edu.cn/article/20081211193747555.html
INFO - 成功下载 http://scst.suda.edu.cn/article/20081206163642103.html
INFO - 成功下载 http://scst.suda.edu.cn/article/20081206164354856.html
INFO - 成功下载 http://scst.suda.edu.cn/article/20081206164633123.html
INFO - 成功下载 http://scst.suda.edu.cn/article/20081211193624989.html
INFO - 成功下载 http://scst.suda.edu.cn/article/20081206164801868.html
INFO - 成功下载 http://scst.suda.edu.cn/article/2006030710155737.html
INFO - 成功下载 http://scst.suda.edu.cn/article/20060307103853343.html
INFO - 成功下载 http://scst.suda.edu.cn/article/20060307104031267.html
INFO - 成功下载 http://scst.suda.edu.cn/article/2006030710393753.html
INFO - 成功下载 http://scst.suda.edu.cn/article/20060307104109460.html
INFO - 成功下载 http://scst.suda.edu.cn/article/20060307105103237.html
INFO - 成功下载 http://scst.suda.edu.cn/article/20060307110501818.html
INFO - 成功下载 http://scst.suda.edu.cn/article/20060307110430755.html
INFO - 成功下载 http://scst.suda.edu.cn/article/20060307110338473.html
INFO - 成功下载 http://scst.suda.edu.cn/article/20060307105308367.html
INFO - 成功下载 http://scst.suda.edu.cn/article/20060307110736633.html
INFO - 成功下载 http://scst.suda.edu.cn/article/20060307110552129.html
INFO - 成功下载 http://scst.suda.edu.cn/article/20060307110907868.html
INFO - 成功下载 http://scst.suda.edu.cn/article/2006030711094388.html
INFO - 成功下载 http://scst.suda.edu.cn/article/20060307111024521.html
INFO - 成功下载 http://scst.suda.edu.cn/article/20060307111155773.html
INFO - 成功下载 http://scst.suda.edu.cn/article/20060307111223661.html
INFO - 成功下载 http://scst.suda.edu.cn/article/20060307111407285.html
INFO - 成功下载 http://scst.suda.edu.cn/article/20060307111821114.html
INFO - 成功下载 http://scst.suda.edu.cn/article/2006030711153290.html
INFO - 成功下载 http://scst.suda.edu.cn/article/20060307112145833.html
INFO - 成功下载 http://scst.suda.edu.cn/article/2006030711241094.html
INFO - 成功下载 http://scst.suda.edu.cn/article/20060307112608530.html
INFO - 成功下载 http://scst.suda.edu.cn/article/20060307112707575.html
INFO - 成功下载 http://scst.suda.edu.cn/article/20060304105627607.html
INFO - 成功下载 http://scst.suda.edu.cn/article/20060304110011525.html
INFO - 成功下载 http://scst.suda.edu.cn/article/20060304110110490.html
INFO - 成功下载 http://scst.suda.edu.cn/article/20060418085112380.html
INFO - 成功下载 http://scst.suda.edu.cn/article/20060418085250368.html
INFO - 成功下载 http://scst.suda.edu.cn/article/20060511153024706.html
INFO - 成功下载 http://scst.suda.edu.cn/article/20081029104317677.html
INFO - 成功下载 http://scst.suda.edu.cn/article/20081206171650660.html
INFO - 成功下载 http://scst.suda.edu.cn/article/20081206171905679.html
INFO - 成功下载 http://scst.suda.edu.cn/article/20081206172152323.html
INFO - 成功下载 http://scst.suda.edu.cn/article/20081206172435120.html
INFO - 成功下载 http://scst.suda.edu.cn/article/20081206172659833.html
INFO - 成功下载 http://scst.suda.edu.cn/article/20081206172917392.html
INFO - 成功下载 http://scst.suda.edu.cn/article/20081206173437182.html
INFO - 成功下载 http://scst.suda.edu.cn/article/2008120617363198.html
INFO - 成功下载 http://scst.suda.edu.cn/article/2008120617400575.html
INFO - 成功下载 http://scst.suda.edu.cn/article/20081206174556171.html
INFO - 成功下载 http://scst.suda.edu.cn/article/20081206174807974.html
INFO - 成功下载 http://scst.suda.edu.cn/article/20081229084959505.html
INFO - 成功下载 http://scst.suda.edu.cn/article/20081226085547218.html
INFO - 成功下载 http://scst.suda.edu.cn/article/20081218082525935.html
INFO - 成功下载 http://scst.suda.edu.cn/article/20081218082205626.html
INFO - 成功下载 http://scst.suda.edu.cn/article/20081215085742535.html
INFO - 成功下载 http://scst.suda.edu.cn/article/20081119170556102.html
INFO - 成功下载 http://scst.suda.edu.cn/article/20081117175407629.html
INFO - 成功下载 http://scst.suda.edu.cn/article/20081106164208815.html
INFO - 成功下载 http://scst.suda.edu.cn/article/20081106164045843.html
INFO - 成功下载 http://scst.suda.edu.cn/article/20081105162044548.html
INFO - 成功下载 http://scst.suda.edu.cn/article/2008110516142388.html
INFO - 成功下载 http://scst.suda.edu.cn/article/2008040117132043.html
INFO - 成功下载 http://scst.suda.edu.cn/article/20080402152019326.html
INFO - 成功下载 http://scst.suda.edu.cn/article/20080401171130505.html
INFO - 成功下载 http://scst.suda.edu.cn/article/20080422090808782.html
INFO - 成功下载 http://scst.suda.edu.cn/article/2008040215501214.html
INFO - 成功下载 http://scst.suda.edu.cn/article/20071122083759746.html
INFO - 成功下载 http://scst.suda.edu.cn/article/2007110214262760.html
INFO - 成功下载 http://scst.suda.edu.cn/article/20071030203023615.html
INFO - 成功下载 http://scst.suda.edu.cn/article/20071030203257145.html
INFO - 成功下载 http://scst.suda.edu.cn/article/20071030202911621.html
INFO - 成功下载 http://scst.suda.edu.cn/article/20071106142232646.html
INFO - 成功下载 http://scst.suda.edu.cn/article/20071030202441710.html
INFO - 成功下载 http://scst.suda.edu.cn/article/20071030202558928.html
INFO - 成功下载 http://scst.suda.edu.cn/article/20071030202808922.html
INFO - 成功下载 http://scst.suda.edu.cn/article/20071030203129246.html
INFO - 成功下载 http://scst.suda.edu.cn/article/2007111411350395.html
INFO - 成功下载 http://scst.suda.edu.cn/article/20060511152817315.html
INFO - 成功下载 http://scst.suda.edu.cn/article/20060304094429380.html
INFO - 成功下载 http://scst.suda.edu.cn/article/20060304094649872.html
INFO - 成功下载 http://scst.suda.edu.cn/article/20060304094808142.html
INFO - 成功下载 http://scst.suda.edu.cn/article/20060304095047998.html
INFO - 成功下载 http://scst.suda.edu.cn/article/20060304095351442.html
INFO - 成功下载 http://scst.suda.edu.cn/article/20060304095224280.html
INFO - 成功下载 http://scst.suda.edu.cn/article/20060304095434332.html
INFO - 成功下载 http://scst.suda.edu.cn/article/20060304095544189.html
INFO - 成功下载 http://scst.suda.edu.cn/article/20060418084839728.html
INFO - 成功下载 http://scst.suda.edu.cn/article/20060518171008878.html
INFO - 成功下载 http://scst.suda.edu.cn/article/20071122084130763.html
INFO - 成功下载 http://scst.suda.edu.cn/article/20080108195120441.html
INFO - 成功下载 http://scst.suda.edu.cn/article/20071220171402859.html
INFO - 成功下载 http://scst.suda.edu.cn/article/20071204104501320.html
INFO - 成功下载 http://scst.suda.edu.cn/article/20071203101158418.html
INFO - 成功下载 http://scst.suda.edu.cn/article/20080109164527515.html
INFO - 成功下载 http://scst.suda.edu.cn/article/2008031710361917.html
INFO - 成功下载 http://scst.suda.edu.cn/article/20080506085259308.html
INFO - 成功下载 http://scst.suda.edu.cn/article/20080509140441144.html
INFO - 成功下载 http://scst.suda.edu.cn/article/2008050914061623.html
INFO - 成功下载 http://scst.suda.edu.cn/article/20080509163310518.html
INFO - 成功下载 http://scst.suda.edu.cn/article/20080523151921275.html
INFO - 成功下载 http://scst.suda.edu.cn/article/20080526105605160.html
INFO - 成功下载 http://scst.suda.edu.cn/article/20080526105641699.html
INFO - 成功下载 http://scst.suda.edu.cn/article/20080528092437635.html
INFO - 成功下载 http://scst.suda.edu.cn/article/20080616082646445.html
INFO - 成功下载 http://scst.suda.edu.cn/article/20081024135537485.html
INFO - 成功下载 http://scst.suda.edu.cn/article/20081024135612987.html
INFO - 成功下载 http://scst.suda.edu.cn/article/20081105160218462.html
INFO - 成功下载 http://scst.suda.edu.cn/article/20060126181119678.html
INFO - 成功下载 http://scst.suda.edu.cn/article/20060126175824834.html
INFO - 成功下载 http://scst.suda.edu.cn/article/20060126180421177.html
INFO - 成功下载 http://scst.suda.edu.cn/article/20060126153558560.html
INFO - 成功下载 http://scst.suda.edu.cn/article/20060126152730283.html
INFO - 成功下载 http://scst.suda.edu.cn/article/20060126182028824.html
INFO - 成功下载 http://scst.suda.edu.cn/article/20060126182706893.html
INFO - 成功下载 http://scst.suda.edu.cn/article/20060126183434856.html
INFO - 成功下载 http://scst.suda.edu.cn/article/20060126183612888.html
INFO - 成功下载 http://scst.suda.edu.cn/article/2006012618145384.html
INFO - 成功下载 http://scst.suda.edu.cn/article/20060126183252996.html
INFO - 成功下载 http://scst.suda.edu.cn/article/20060126184053196.html
INFO - 成功下载 http://scst.suda.edu.cn/article/20060126184222923.html
INFO - 成功下载 http://scst.suda.edu.cn/article/20060126194822267.html
INFO - 成功下载 http://scst.suda.edu.cn/article/20060126183956439.html
INFO - 成功下载 http://scst.suda.edu.cn/article/20060126195407879.html
INFO - 成功下载 http://scst.suda.edu.cn/article/20060126195324978.html
INFO - 成功下载 http://scst.suda.edu.cn/article/20071031193750797.html
INFO - 成功下载 http://scst.suda.edu.cn/article/20071101135743277.html
INFO - 成功下载 http://scst.suda.edu.cn/article/20060228101034621.html
INFO - 成功下载 http://scst.suda.edu.cn/article/20060127111535332.html
INFO - 成功下载 http://scst.suda.edu.cn/article/20071101134256665.html
INFO - 成功下载 http://scst.suda.edu.cn/article/20080519082825858.html
INFO - 成功下载 http://scst.suda.edu.cn/article/20060127112000917.html
INFO - 成功下载 http://scst.suda.edu.cn/article/20060127112419667.html
INFO - 成功下载 http://scst.suda.edu.cn/article/20060127112546653.html
INFO - 成功下载 http://scst.suda.edu.cn/article/200601271127423.html
INFO - 成功下载 http://scst.suda.edu.cn/article/20060127112809901.html
INFO - 成功下载 http://scst.suda.edu.cn/article/2006012711303068.html
INFO - 成功下载 http://scst.suda.edu.cn/article/20060127113514456.html
INFO - 成功下载 http://scst.suda.edu.cn/article/20060227172607241.html
INFO - 成功下载 http://scst.suda.edu.cn/article/20060227174134826.html
INFO - 成功下载 http://scst.suda.edu.cn/article/20060227175454679.html
INFO - 成功下载 http://scst.suda.edu.cn/article/20060227175457711.html
INFO - 成功下载 http://scst.suda.edu.cn/article/20060227175623823.html
INFO - 成功下载 http://scst.suda.edu.cn/article/20060228101219590.html
INFO - 成功下载 http://scst.suda.edu.cn/article/2006022810252022.html
INFO - 成功下载 http://scst.suda.edu.cn/article/20060228104521304.html
INFO - 成功下载 http://scst.suda.edu.cn/article/20060228104341739.html
INFO - 成功下载 http://scst.suda.edu.cn/article/20060228104627824.html
INFO - 成功下载 http://scst.suda.edu.cn/article/20071101142647851.html
INFO - 成功下载 http://scst.suda.edu.cn/article/20071030153736873.html
INFO - 成功下载 http://scst.suda.edu.cn/article/20071101145445810.html
INFO - 成功下载 http://scst.suda.edu.cn/article/20071101162207212.html
INFO - 成功下载 http://scst.suda.edu.cn/article/20081201192241997.html
INFO - 成功下载 http://scst.suda.edu.cn/article/20081212101904259.html
INFO - 成功下载 http://scst.suda.edu.cn/article/20081212102134992.html
INFO - 成功下载 http://scst.suda.edu.cn/article/20081212102415406.html
INFO - 成功下载 http://scst.suda.edu.cn/article/20081127105407994.html
INFO - 成功下载 http://scst.suda.edu.cn/article/20081127105118659.html
INFO - 成功下载 http://scst.suda.edu.cn/article/200811271100504.html
INFO - 成功下载 http://scst.suda.edu.cn/article/20081127105238819.html
INFO - 成功下载 http://scst.suda.edu.cn/article/20071031201658346.html
INFO - 成功下载 http://scst.suda.edu.cn/article/20081127104955603.html
INFO - 成功下载 http://scst.suda.edu.cn/article/20071031195336858.html
INFO - 成功下载 http://scst.suda.edu.cn/article/20071031195231189.html
INFO - 成功下载 http://scst.suda.edu.cn/article/20071031195111441.html
INFO - 成功下载 http://scst.suda.edu.cn/article/2007103120221792.html
INFO - 成功下载 http://scst.suda.edu.cn/article/20071031194947278.html
INFO - 成功下载 http://scst.suda.edu.cn/article/20071031200755981.html
INFO - 成功下载 http://scst.suda.edu.cn/article/20071031195445840.html
INFO - 成功下载 http://scst.suda.edu.cn/article/20081127104202856.html
INFO - 成功下载 http://scst.suda.edu.cn/article/20081127104353212.html
INFO - 成功下载 http://scst.suda.edu.cn/article/20081127104524903.html
INFO - 成功下载 http://scst.suda.edu.cn/article/20081127104857388.html
INFO - 成功下载 http://scst.suda.edu.cn/article/20081127105608564.html
INFO - 成功下载 http://scst.suda.edu.cn/article/20081127110425245.html
INFO - 成功下载 http://scst.suda.edu.cn/article/20081211164445859.html
INFO - 成功下载 http://scst.suda.edu.cn/article/20081211152412123.html
INFO - 成功下载 http://scst.suda.edu.cn/article/20081211164306230.html
INFO - 成功下载 http://scst.suda.edu.cn/article/20081211145643933.html
INFO - 成功下载 http://scst.suda.edu.cn/article/20081211145523374.html
INFO - 成功下载 http://scst.suda.edu.cn/article/20060302154130488.html
INFO - 成功下载 http://scst.suda.edu.cn/article/20081211144924395.html
INFO - 成功下载 http://scst.suda.edu.cn/article/20060228192308997.html
INFO - 成功下载 http://scst.suda.edu.cn/article/20060302155913891.html
INFO - 成功下载 http://scst.suda.edu.cn/article/20060302160044322.html
INFO - 成功下载 http://scst.suda.edu.cn/article/2006030216080375.html
INFO - 成功下载 http://scst.suda.edu.cn/article/20060302160920311.html
INFO - 成功下载 http://scst.suda.edu.cn/article/20060302155245836.html
INFO - 成功下载 http://scst.suda.edu.cn/article/20060302161032984.html
INFO - 成功下载 http://scst.suda.edu.cn/article/20060302161120377.html
INFO - 成功下载 http://scst.suda.edu.cn/article/20060302161238533.html
INFO - 成功下载 http://scst.suda.edu.cn/article/20060302161404738.html
INFO - 成功下载 http://scst.suda.edu.cn/article/20060302161522648.html
INFO - 成功下载 http://scst.suda.edu.cn/article/20060302161620131.html
INFO - 成功下载 http://scst.suda.edu.cn/article/20060302161756885.html
INFO - 成功下载 http://scst.suda.edu.cn/article/2006030216184956.html
INFO - 成功下载 http://scst.suda.edu.cn/article/20060302162230421.html
INFO - 成功下载 http://scst.suda.edu.cn/article/20060302162135715.html
INFO - 成功下载 http://scst.suda.edu.cn/article/20060302162025438.html
INFO - 成功下载 http://scst.suda.edu.cn/article/20060302162318478.html
INFO - 成功下载 http://scst.suda.edu.cn/article/20081211144724577.html
INFO - 成功下载 http://scst.suda.edu.cn/article/20081212094903719.html
INFO - 成功下载 http://scst.suda.edu.cn/article/20081103161252479.html
INFO - 成功下载 http://scst.suda.edu.cn/article/20080916111644296.html
INFO - 成功下载 http://scst.suda.edu.cn/article/20080630162835406.html
INFO - 成功下载 http://scst.suda.edu.cn/article/20080326103002148.html
